<?xml version="1.0" encoding="UTF-8"?>
<testsuite xmlns:xsi="http://www.w3.org/2001/XMLSchema-instance" xsi:noNamespaceSchemaLocation="https://maven.apache.org/surefire/maven-surefire-plugin/xsd/surefire-test-report.xsd" name="com.scholat.doma.MyTests" time="0.889" tests="5" errors="2" skipped="0" failures="1">
  <properties>
[...]
</properties>
  <testcase name="Test01" classname="com.scholat.doma.MyTests" time="0.767">
    <error message="&#10;### Error querying database.  Cause: java.sql.SQLSyntaxErrorException: Table &apos;doma.teammember&apos; doesn&apos;t exist&#10;### The error may exist in file [E:\doma\target\classes\mapper\TeamDao.xml]&#10;### The error may involve defaultParameterMap&#10;### The error occurred while setting parameters&#10;### SQL: SELECT DISTINCT u.user_name,u.user_id         FROM doma.teams t,doma.users u,doma.teammember tm         WHERE u.user_id = tm.user_id AND tm.team_id = t.team_id AND t.team_id = ?&#10;### Cause: java.sql.SQLSyntaxErrorException: Table &apos;doma.teammember&apos; doesn&apos;t exist&#10;; bad SQL grammar []; nested exception is java.sql.SQLSyntaxErrorException: Table &apos;doma.teammember&apos; doesn&apos;t exist" type="org.springframework.jdbc.BadSqlGrammarException">org.springframework.jdbc.BadSqlGrammarException: 

### Error querying database.  Cause: java.sql.SQLSyntaxErrorException: Table 'doma.teammember' doesn't exist
### The error may exist in file [E:\doma\target\classes\mapper\TeamDao.xml]
### The error may involve defaultParameterMap
### The error occurred while setting parameters
### SQL: SELECT DISTINCT u.user_name,u.user_id         FROM doma.teams t,doma.users u,doma.teammember tm         WHERE u.user_id = tm.user_id AND tm.team_id = t.team_id AND t.team_id = ?
### Cause: java.sql.SQLSyntaxErrorException: Table 'doma.teammember' doesn't exist
; bad SQL grammar []; nested exception is java.sql.SQLSyntaxErrorException: Table 'doma.teammember' doesn't exist
	at com.scholat.doma.MyTests.Test01(MyTests.java:74)
Caused by: java.sql.SQLSyntaxErrorException: Table 'doma.teammember' doesn't exist
	at com.scholat.doma.MyTests.Test01(MyTests.java:74)
</error>
    <system-out><![CDATA[2020-10-04 11:37:23.504  INFO 540 --- [           main] .b.t.c.SpringBootTestContextBootstrapper : Neither @ContextConfiguration nor @ContextHierarchy found for test class [com.scholat.doma.MyTests], using SpringBootContextLoader
2020-10-04 11:37:23.505  INFO 540 --- [           main] o.s.t.c.support.AbstractContextLoader    : Could not detect default resource locations for test class [com.scholat.doma.MyTests]: no resource found for suffixes {-context.xml, Context.groovy}.
2020-10-04 11:37:23.506  INFO 540 --- [           main] t.c.s.AnnotationConfigContextLoaderUtils : Could not detect default configuration classes for test class [com.scholat.doma.MyTests]: MyTests does not declare any static, non-private, non-final, nested classes annotated with @Configuration.
2020-10-04 11:37:23.507  INFO 540 --- [           main] .b.t.c.SpringBootTestContextBootstrapper : Found @SpringBootConfiguration com.scholat.doma.DemoApplication for test class com.scholat.doma.MyTests
2020-10-04 11:37:23.509  INFO 540 --- [           main] .b.t.c.SpringBootTestContextBootstrapper : Loaded default TestExecutionListener class names from location [META-INF/spring.factories]: [org.springframework.boot.test.mock.mockito.MockitoTestExecutionListener, org.springframework.boot.test.mock.mockito.ResetMocksTestExecutionListener, org.springframework.boot.test.autoconfigure.restdocs.RestDocsTestExecutionListener, org.springframework.boot.test.autoconfigure.web.client.MockRestServiceServerResetTestExecutionListener, org.springframework.boot.test.autoconfigure.web.servlet.MockMvcPrintOnlyOnFailureTestExecutionListener, org.springframework.boot.test.autoconfigure.web.servlet.WebDriverTestExecutionListener, org.springframework.boot.test.autoconfigure.webservices.client.MockWebServiceServerTestExecutionListener, org.springframework.test.context.web.ServletTestExecutionListener, org.springframework.test.context.support.DirtiesContextBeforeModesTestExecutionListener, org.springframework.test.context.support.DependencyInjectionTestExecutionListener, org.springframework.test.context.support.DirtiesContextTestExecutionListener, org.springframework.test.context.transaction.TransactionalTestExecutionListener, org.springframework.test.context.jdbc.SqlScriptsTestExecutionListener, org.springframework.test.context.event.EventPublishingTestExecutionListener]
2020-10-04 11:37:23.509  INFO 540 --- [           main] .b.t.c.SpringBootTestContextBootstrapper : Using TestExecutionListeners: [org.springframework.test.context.web.ServletTestExecutionListener@38f617f4, org.springframework.test.context.support.DirtiesContextBeforeModesTestExecutionListener@4899799b, org.springframework.boot.test.mock.mockito.MockitoTestExecutionListener@3dea226b, org.springframework.boot.test.autoconfigure.SpringBootDependencyInjectionTestExecutionListener@74500e4f, org.springframework.test.context.support.DirtiesContextTestExecutionListener@7c91fe86, org.springframework.test.context.transaction.TransactionalTestExecutionListener@7fc7152e, org.springframework.test.context.jdbc.SqlScriptsTestExecutionListener@13d289c7, org.springframework.test.context.event.EventPublishingTestExecutionListener@6704df84, org.springframework.boot.test.mock.mockito.ResetMocksTestExecutionListener@1412682c, org.springframework.boot.test.autoconfigure.restdocs.RestDocsTestExecutionListener@53bb71e5, org.springframework.boot.test.autoconfigure.web.client.MockRestServiceServerResetTestExecutionListener@54a056e4, org.springframework.boot.test.autoconfigure.web.servlet.MockMvcPrintOnlyOnFailureTestExecutionListener@15994b0b, org.springframework.boot.test.autoconfigure.web.servlet.WebDriverTestExecutionListener@12cd129c, org.springframework.boot.test.autoconfigure.webservices.client.MockWebServiceServerTestExecutionListener@1a717d79]
2020-10-04 11:37:23.612  INFO 540 --- [           main] c.m.v.c.i.AbstractPoolBackedDataSource   : Initializing c3p0 pool... com.mchange.v2.c3p0.ComboPooledDataSource [ acquireIncrement -> 3, acquireRetryAttempts -> 30, acquireRetryDelay -> 1000, autoCommitOnClose -> false, automaticTestTable -> null, breakAfterAcquireFailure -> false, checkoutTimeout -> 0, connectionCustomizerClassName -> null, connectionTesterClassName -> com.mchange.v2.c3p0.impl.DefaultConnectionTester, contextClassLoaderSource -> caller, dataSourceName -> 1hgee09ac1v24l7w1294ow1|474c9131, debugUnreturnedConnectionStackTraces -> false, description -> null, driverClass -> com.mysql.cj.jdbc.Driver, extensions -> {}, factoryClassLocation -> null, forceIgnoreUnresolvedTransactions -> false, forceSynchronousCheckins -> false, forceUseNamedDriverClass -> false, identityToken -> 1hgee09ac1v24l7w1294ow1|474c9131, idleConnectionTestPeriod -> 0, initialPoolSize -> 3, jdbcUrl -> jdbc:mysql://localhost:3306/doma?useUnicode=true&characterEncoding=utf-8&useSSL=true&serverTimezone=UTC, maxAdministrativeTaskTime -> 0, maxConnectionAge -> 0, maxIdleTime -> 0, maxIdleTimeExcessConnections -> 0, maxPoolSize -> 15, maxStatements -> 0, maxStatementsPerConnection -> 0, minPoolSize -> 3, numHelperThreads -> 3, preferredTestQuery -> null, privilegeSpawnedThreads -> false, properties -> {password=******, user=******}, propertyCycle -> 0, statementCacheNumDeferredCloseThreads -> 0, testConnectionOnCheckin -> false, testConnectionOnCheckout -> false, unreturnedConnectionTimeout -> 0, userOverrides -> {}, usesTraditionalReflectiveProxies -> false ]
[]
null
null
]]></system-out>
  </testcase>
  <testcase name="myTest" classname="com.scholat.doma.MyTests" time="0.004"/>
  <testcase name="test02" classname="com.scholat.doma.MyTests" time="0.005">
    <error message="&#10;### Error querying database.  Cause: java.sql.SQLSyntaxErrorException: Table &apos;doma.teammember&apos; doesn&apos;t exist&#10;### The error may exist in file [E:\doma\target\classes\mapper\TeamDao.xml]&#10;### The error may involve defaultParameterMap&#10;### The error occurred while setting parameters&#10;### SQL: SELECT DISTINCT u.user_name,u.user_id         FROM doma.teams t,doma.users u,doma.teammember tm         WHERE u.user_id = tm.user_id AND tm.team_id = t.team_id AND t.team_id = ?&#10;### Cause: java.sql.SQLSyntaxErrorException: Table &apos;doma.teammember&apos; doesn&apos;t exist&#10;; bad SQL grammar []; nested exception is java.sql.SQLSyntaxErrorException: Table &apos;doma.teammember&apos; doesn&apos;t exist" type="org.springframework.jdbc.BadSqlGrammarException">org.springframework.jdbc.BadSqlGrammarException: 

### Error querying database.  Cause: java.sql.SQLSyntaxErrorException: Table 'doma.teammember' doesn't exist
### The error may exist in file [E:\doma\target\classes\mapper\TeamDao.xml]
### The error may involve defaultParameterMap
### The error occurred while setting parameters
### SQL: SELECT DISTINCT u.user_name,u.user_id         FROM doma.teams t,doma.users u,doma.teammember tm         WHERE u.user_id = tm.user_id AND tm.team_id = t.team_id AND t.team_id = ?
### Cause: java.sql.SQLSyntaxErrorException: Table 'doma.teammember' doesn't exist
; bad SQL grammar []; nested exception is java.sql.SQLSyntaxErrorException: Table 'doma.teammember' doesn't exist
	at com.scholat.doma.MyTests.test02(MyTests.java:98)
Caused by: java.sql.SQLSyntaxErrorException: Table 'doma.teammember' doesn't exist
	at com.scholat.doma.MyTests.test02(MyTests.java:98)
</error>
  </testcase>
  <testcase name="randomString" classname="com.scholat.doma.MyTests" time="0.003"/>
  <testcase name="Test" classname="com.scholat.doma.MyTests" time="0.097">
    <failure message="No ModelAndView found" type="java.lang.AssertionError">java.lang.AssertionError: No ModelAndView found
	at com.scholat.doma.MyTests.Test(MyTests.java:63)
</failure>
    <system-out><![CDATA[2020-10-04 11:37:24.339  INFO 540 --- [           main] o.s.mock.web.MockServletContext          : Initializing Spring TestDispatcherServlet ''
2020-10-04 11:37:24.340  INFO 540 --- [           main] o.s.t.web.servlet.TestDispatcherServlet  : Initializing Servlet ''
2020-10-04 11:37:24.340  INFO 540 --- [           main] o.s.t.web.servlet.TestDispatcherServlet  : Completed initialization in 0 ms
2020-10-04 11:37:24.390  WARN 540 --- [           main] .w.s.m.s.DefaultHandlerExceptionResolver : Resolved [org.springframework.web.bind.MissingServletRequestParameterException: Required String parameter 'teamId' is not present]
]]></system-out>
  </testcase>
</testsuite>